:104000005542200135D0085A824588143140003984
:104010003F4030000F9308249242881420012F83E0
:104020009F4F34850011F8233F4058030F93072416
:104030009242881420011F83CF433011F92321833A
:10404000B012B249474F3D4018003E40FF003F408C
:10405000C611B0121A7AF2433514F2438314B240F7
:10406000805A2001A242600182432E01A2428001B7
:1040700082431E01B24020026001B2402001800153
:10408000F24084FF5700C2435800B2400040820112
:104090003B400C003D4000080E430C4D0CDE5942E5
:1040A00057000A4C8A107AF0070079F0F8FF4AD9D5
:1040B000C24A5700C24C5600794003000A430843E5
:1040C0000F3C18429001385282489201B2F0FEFF34
:1040D000820192B38201FD271F427001084A0A4FF4
:1040E0007953EF230A883A900104012C0E4C0D11EC
:1040F0003B53D3230F4E3FF0E0003F90E0000220FF
:104100003EF0E0FF5C4257000D4E8D107DF0070041
:104110007CF0F8FF4DDCC24D5700C24E56005E42A7
:1041200057007EF007007ED080FFC24E5700E2426B
:104130005800F2F0FDFF000082437001B24002021D
:10414000600182439001B240020180011E42600181
:104150003EF0CFFF3ED02000824E60011E42800123
:104160003EF0CFFF3ED02000824E8001C2432600A9
:10417000C2432E00C2431B00C2431F00C243330090
:10418000C2433700C2432100F240E0FF2200F24068
:1041900030002900F2407B002A00C2431900F2409F
:1041A000F1FF1A00F240DDFF1D00F240FDFF1E008E
:1041B000F2433100F2433200C2433500F24336008D
:1041C000C2432500C2432D001F4270011E427001F0
:1041D0000E8F3E900128FA2BE2D31A00F2D21A0079
:1041E000F2D080FF1E00F2D010001E00F2D080FF3F
:1041F0001D00F2D010001D0003430343F2F0EFFF57
:104200001D00F2F0F7FF19005F43B01288464F43DC
:10421000B01288465F43B01288465F43B0128846AA
:104220005F43B01288464F43B01288464F43B012E6
:1042300088465F43B0128846F2D010001D00F2D2CB
:104240001900E2D31900F2D010003200F2D02000A1
:104250003200F2D040003200F2D010003100F2D033
:1042600020003100F2D040003100B012B4744F93FE
:10427000FC23F243EA11B243B011C243B211B2437C
:10428000B411C243B611B243B811C243BA11B2431A
:10429000BC11C243BE11B0127645C24FD7121F42A5
:1042A0002E111F53824FFA118243FC11B2F0EFFF1F
:1042B0008601B24000408601B24000147211F2F053
:1042C000EFFF2200E2D21E00F2F0FDFF1E00B2F06E
:1042D000EFFF8201B24000408201F2433F14C2432B
:1042E000BC12C243BD12C243BE12C243BF12E2D2CD
:1042F0001E00F2D040001E00F2D020001E00B012BE
:10430000B2491B420611B012C449824B1212B012BC
:104310008447824CCC12824DCE12824ED012824FF4
:10432000D212D2420411F211C243F311F2401F0023
:10433000BA12F2401A00D512B0128447824CCC1245
:10434000824DCE12824ED012824FD2123E40CC12FB
:104350000D4E3D5007000C436F4EEE4D0000CD4F0B
:1043600000001C531E533D532C92F623D243E411FC
:10437000C2434814D243F511C243CA12F2430C128D
:10438000C2431A12C2431C12F2400A00B412C243C2
:104390000712C2430D12C243361482438614C2432D
:1043A0007E14C2433012B012E845C2432312C24306
:1043B0002212C2434211B012B4744F93FC234F47F0
:1043C000B012C44932D2B012B2494E4FF2900A0034
:1043D000B4120624E292EF110324B012C449073C40
:1043E0004F4EB012C4497F400300B012C24A5F432F
:1043F000B012B05A4F931920B012B24982933E11B5
:104400000324B012C449193C92433E11B012C4496E
:10441000B012B249F2D020001D00B012C4493E4093
:1044200014000F43B012644F083C6F43B012924A1D
:104430004F9303205F43B012924AB012B2494A4FE1
:10444000863CC29320117724B2B01000620108208C
:10445000B2B0100064010420B2B01000660107245D
:104460001E4260013EF000033E9000022E245F4297
:1044700004003FB0C00005245F4271003FF02000FF
:1044800026205F4205003FB0300005245F427900DE
:104490003FF020001E205F4270001FF31C245F428B
:1044A00071003FF020001A245F4272003FF02000AC
:1044B00018245F4270002FF217245F4270003FF013
:1044C000200015207E400500133C6E43113C6E43D6
:1044D0000F3C6E430D3C7E4005000A3C7E400500CB
:1044E000073C7E400500043C7E400500013C6E43D5
:1044F000B2B01000A0011924B2B01000A20105242E
:10450000B2B2A2010F246E43103C1F42A2013FB081
:1045100000040B241D4260013DF000033D900002A9
:104520000420023C4E43013C6E437E90050001286E
:104530006E42C24E70115E4270110E5E1E4E1C85A0
:104540003ED2814E000022D132C203430343F29394
:1045500035147727B0122E494B4F7F9372274F4A5D
:10456000B012C4494F4BB0120269673F32D0F0001D
:10457000FD3F304008840B120A120912081207127C
:1045800006123C404E830D431E42FA111F42FC119D
:10459000B0123278074D084E094F0E4C0F4712C328
:1045A0000F100E10085E096F0993053438F339F0C7
:1045B000FF7F185309638248FA118249FC110F48A2
:1045C00036413741384139413A413B413041C24F90
:1045D00077005F4202003FF04000FB27F2F0BFFF90
:1045E00002005F4276003041C243D313C243D2136C
:1045F000E242EF11C243B612C243D813C243F011D4
:1046000082432E1230411E4270013F9001800A28E1
:104610003F5000801D4270010D8E0F9DFB2F0E5FDD
:104620003F4000801D4270010D8E0F9DFB2F3041D9
:10463000F2F0EFFF2A003041F2D010002A003041A2
:104640001F429001013C0F4E1E4290010F9EFB2322
:104650003041B2F0EFFF8401E2D31F00B2F0FEFF61
:104660008401B2F0FDFF84014F4F8F107E400600A1
:104670000F5F7E53FD233FD00001824F8401B2D0F3
:10468000100084014F4330414F9304245F421900CE
:104690006FD3043C5F4219007FF0FDFFC24F190049
:1046A000F2D21900F2F0F7FF190030415C4F02001E
:1046B0008C105E4F01000CDE0E4C8E104E4E12C35D
:1046C0000E1012C30E103EF003005D4E28858D11B2
:1046D0000E4C8E104E4E7C40060012C30E107C53C2
:1046E000FC235E4E28858E110E5D3E5006000F5E47
:1046F0003041F24080FFC211C243EE11C2433A146E
:10470000C2433414C243E5113041F2F0EFFF05001B
:104710003F403300FFF0FDFF0000FFF0FBFF000013
:10472000FFF0F7FF00003041F2F0CFFF05003F40FF
:104730001B00FFF0BFFF0000FFF07F0000003041D2
:104740000D4F8D104D4D4F4F8F100DDF4E4E0DEE16
:104750004F4D12C34F1012C34F1012C34F1012C34C
:104760004F104E4F0EED4F4E8F100F5F0F5F0F5FCC
:104770000F5F0FEE4E4F0E5E0E5E0E5E0E5E0E5E15
:104780000FEE30410B120A12091208123150F2FFDB
:10479000C29338118120B0123046F2F0EFFF2900A9
:1047A000B01238463F403002B0120646B0123046D2
:1047B0003F403C00B01206460B43F2B01000280008
:1047C00009243B5005003F400500B01206463B90CF
:1047D000F000F3233F40A401B01206463B90F000E6
:1047E0005D2C7A427B4033001BB30B24B012384659
:1047F0003F400500B0120646B01230463F4041002F
:104800000A3CB01238463F403C00B0120646B01297
:1048100030463F400500B012064612C34B107A5393
:10482000E3233A40C21279424B4312C34B10B012F9
:1048300038463F400500B0120646B01230463F40B1
:104840000500B0120646584228003F404100B01211
:10485000064678B0100002247BD080FF7953E52310
:10486000CA4B00001A533A90CA12DD230E434F433D
:104870005FEEC2127D420C4F1CF312C34F100C931B
:1048800002247FE08CFF7D53F6231E533E92F023DB
:104890004F930620D24338114E43043C6E42023CF3
:1048A0007E400600C29338110A240F430D410D5F6C
:1048B000DD4FC31200001F533F900600F7234E93B5
:1048C00008243D420E430F413F500600B0121A7AB1
:1048D000163CC1430600F14012000700F1406D0094
:1048E0000800F14045000900F14050000A00D141A4
:1048F00002000B00D14101000C00E1410D001C4100
:1049000006001D4108001E410A001F410C003150E5
:104910000E00384139413A413B4130414F93032425
:10492000D24370003041F2F0FEFF700030415F4230
:1049300035144E4F3E50C6116D4EC24D35147D9309
:104940000220F2438314FE43000030415F930C24A5
:1049500003286F931820103C1F4262018F105FF3F1
:1049600012241F42720130411F4264018F105FF315
:104970000A241F42740130411F4266018F105FF309
:1049800002241F42760130415F43B0121C49F2F00D
:10499000BFFF04003F401B00FFF0FDFF0000FFF0E1
:1049A000FBFF0000FFF0F7FF00004F43B0121C496F
:1049B00030410E4232C2034303433EF25F430120C3
:1049C0004F4330414F93012432D230410B12B01289
:1049D000B2491D4204121E4238140D9303240D5E89
:1049E0006D4D013C4D43C24D77006E531D423C144A
:1049F0004C4E0D9C1C2C4E4D1A3C5D4202003DF06D
:104A00004000FB275B4276001D42B2120D93032447
:104A10000C5DCC4B00001D4204120D9304241D526A
:104A200038146D4D013C4D43C24D7700013C4E4E54
:104A30001C4238140D4C1D53824D38140D9EDD2B35
:104A4000B012C4493B4130410B12B012B2495B4332
:104A5000C293BC1201244B43B012C4494F4B3B419B
:104A600030410B120A124A4FB012B2494B4FB012EA
:104A7000484A4F9305244F4BB012C4494F43063C5C
:104A80004F4BB012C4494F4AB012CE453A413B4158
:104A900030410B120A124A4FB012B2495B435A928C
:104AA000BD1201244B43B012C4494F4B3A413B4124
:104AB0003041B012B249F2F0FBFF1D00B012C44900
:104AC00030410B124B4FB012B2494E4BFE93C61100
:104AD00006201E43C29B831403240E43013C1E4345
:104AE0000E930E20F29335140320C24B3514043C70
:104AF0005E428314CE4BC611C24B83144B43023C1F
:104B00007B400500B012C4494F4B3B413041C2933A
:104B10003C113920F2930B113620B012484A4F93C2
:104B20003224D243D612C293C4110224C243D612F5
:104B3000C293D6122A24F29003003A112920C2937C
:104B4000081128205E420A117E9316244F4E5D4FB5
:104B50003F14C24D0A117D930220F2430911FF4315
:104B60003F14C24EF411F2430811D2433A117F4070
:104B70001100B012C24A043CD2430811C2433A1198
:104B8000B0128849053C5F4330417F400500304109
:104B90004F4330414F433041D293081113205F42BD
:104BA0003A115F9305207F401100B012C24A083CC1
:104BB0006F930A20D242F4110811F24003003A1117
:104BC0004F4330415F4330415F433041C293541102
:104BD0002C204F932A20D2435411D2421E1152113D
:104BE000D2B366110F430F6FC24FC3119242181117
:104BF0005011D24264114E115E4266115EF35F4362
:104C000001244F435E4266117EF0FEFF4EDF1FF32C
:104C10000F5F924F1A1118117EF0E7FFC24E661116
:104C20007F400700B012C24A3041D2B366110F4331
:104C30000F6F5E4266114F9303247EF0FBFF023C30
:104C40007EF0FDFFC24E66113041F2900A00B412B0
:104C50000320E292EF110324D243681130416F42E6
:104C6000B012C24AC24368113041B012B249F2F0E8
:104C7000BFFF0200F2D040000000B012C449B012E1
:104C8000CC4930414E4EC243141282430412824F2B
:104C9000B212824E3C14824338140E930324B01295
:104CA0006A4C043C7F401000B012C24A4F4330416E
:104CB0000B120A1209120A4F494EB012B2494B4F59
:104CC000B012484A4F9305244F4BB012C4494B438E
:104CD0001F3C4F4BB012C449B2407F0016127F40B8
:104CE0007F00B012CE454B4F4E49C243141282434F
:104CF0000412824AB212824E3C14824338140E933C
:104D00000324B0126A4C043C7F401000B012C24A27
:104D10004F4B39413A413B413041B012B24A5E43B8
:104D20001F427211B012B04C30410B124B4FB012F7
:104D3000B249C24B4011B012C4497F400C00B012BE
:104D4000C24A3B4130410B124B4F92433611C24392
:104D5000C411B0120E4B4F4BB0122A4D3B413041A3
:104D6000B012B249E2D21D00B012C44930410B1258
:104D70000A1209124B4FB012B2494A4FC29B0B1193
:104D80000424B012C4495F434C3CF2430B115B4214
:104D90003C114B930920B012B249C243BC12B0126D
:104DA000C449B0120E4B353C4C43494B021232C23F
:104DB0000343C24C3001F240CDFF38011E423A019C
:104DC00032418E1012C34E1012C34E104D4E4D5D27
:104DD0004D5D4E5D4C8E4E4C4F4C0D497CF00F009E
:104DE0004C9303240D117C53FB3F1DF31724C24E3B
:104DF0000B111E434D4F7DF00F004D9303240E5EAB
:104E00007D53FB3F4BCEC24B3C117F400F00B01295
:104E1000C24A4F4AB012C4494F43033C4C4E5C5304
:104E2000C53F39413A413B4130417F400300B01218
:104E30006E4D4F4330410B120A120912B012B249A3
:104E4000494F1B422C12B01240460A4F1F428001AC
:104E50005FF304241B53B01240460A4F0C430D432A
:104E60000D4B0E4A0F430A4C0B4D0ADE0BDF4F4928
:104E7000B012C4490E4A0F4B39413A413B413041CF
:104E80000B120A1209120812B012364E084E094FC0
:104E90001E420E121F4210120A4E0B4F1A520812D7
:104EA0001B620A12099F09280220089E06280B9FF0
:104EB000102809200A9E0D28063C0B9F04280F9BF2
:104EC00027280A9E252C099B04280B992128089A3B
:104ED0001F2C0C4A0D4B0C880D790D9303203C9030
:104EE000018018280E480F493E5000800F63824E03
:104EF0000E12824F10120E4C0F4D3E5000803F6339
:104F0000824E0812824F0A123C4000800D430A3C38
:104F10000C430D43824A0E12824B10128243081238
:104F200082430A120A4CB01240460E4F0E880E9A67
:104F3000052C0C4A0C8E3C900300062CB012404607
:104F40002F53824F9201033C0C5F824C9201B2F0CE
:104F5000FEFF8201B2D010008201384139413A414E
:104F60003B4130410B120A120912081221830A4EEA
:104F70000B4FB012364E084E094FB012B24982485C
:104F80000E1282491012824A0812824B0A12814F75
:104F90000000B012804E2F41B012C4492153384155
:104FA00039413A413B4130410B12B012B2494B4FAB
:104FB000B01276453E404600B012F8780E4F3E5093
:104FC0000B00824E80140F43B012644F4F4BB0124F
:104FD000C4493B4130410B120A12B012B2494A4F48
:104FE000B292361112207F400900B012624AB0120C
:104FF0002A4EB012604D924336117F400300B0122A
:105000002A4D4F4AB012C4492F3CB012B24AC29343
:10501000841403247F400500013C6F42B012624AB1
:105020004E4F3EF205204F43B012624A3FF2042039
:105030005B433F400300033C4B433F400500824F2E
:105040003611B012604D4F4AB012C4494B93072439
:10505000C2437A11B0122A4EB012A84F053C3E400E
:1050600040010F43B012644F3A413B4130410B12B3
:105070000A120912494F0A4EB012B2494B4FB012F0
:10508000484A4F9305244F4BB012C4494F430D3C3F
:105090004F4BB012C4494F49B012CE450F4A8F1042
:1050A000B012CE454F4AB012CE4539413A413B414C
:1050B00030410B120A12091208120712084F4A4E09
:1050C000074D4B4CB012B249494FB012484A4F936A
:1050D00005244F49B012C4494F43213C4F49B012F7
:1050E000C4494A4A0A584F4A7FD080FFB012CE4581
:1050F000494F0E4A12C30E104F4E7FF0C0FFB01240
:10510000CE454A4B093C4E4B0F4A0F8E0E4F0E5761
:105110006F4EB012CE457B534B93F5234F49374129
:10512000384139413A413B4130410B123150F4FF93
:10513000B012B2494B4F3D423E40CC120F41B0122B
:1051400020791E42F211C14E08008E10C14E090096
:105150001E421212C14E0A008E10C14E0B004F4B60
:10516000B012C4497C400C000D414E433F406001E9
:10517000B012B25031500C003B4130410B12B01212
:10518000B2494B4FC2937E1407206F43B012C24AFC
:105190004F930220D2437E144F4BB012C4493B417F
:1051A00030410B120A124B4F4A4E5F42EF115F9390
:1051B0000E2406286F933C247F900300E720463C92
:1051C0004B9302203040B453B012E845F13C4B936E
:1051D000F1201F422E12B0124047824F2E12E2439E
:1051E000EF11C24AD8137A904400D0205D42661174
:1051F0005DF30324E2B26611023CE2B366110E4392
:105200000E6E4E93C3205F4266114D9302246FD2FF
:10521000013C6FD3C24F66115F4266117FF0E7FF1A
:105220007FD2C24F6611C2436411F2431E11C23CC9
:105230004B93AC20C24EF0111F422E12B0124047C9
:10524000824F2E12F2400300EF11B43C5F42B612BF
:105250007F939C244B9341246F9398285F42D213F1
:105260004F9302247F53013C6F434E4F5E4ED41345
:105270008E104F9302247F53013C6F434F4F5F4F7B
:10528000D4130FDE1F922E1281204F43B012CC4B4D
:105290005C42F0115E4222125B4223124F4E5F537A
:1052A0007F900600022C4D4F013C4D434D9B0C243A
:1052B0004E4ECE4C2412C24F22127F90060002287E
:1052C000C2432212B0127C51B012E845F2F0FDFF49
:1052D0004C11C29368116E24643C6F9346285F4260
:1052E000D3135E4FD4135F42661112C34F1012C323
:1052F0004F1012C34F103FF003001F9303242F934E
:105300002020133C5F4266117FF0E7FF7FD0100042
:10531000C24F66114E9302244F43023C7F4005006A
:10532000C24F6411C24E1E110C3C5F4264117F904B
:105330003400072C4F4F1F521811CF4E0000D2538C
:1053400064115D42D3134F4D5E4FD4134F4D5F53E5
:10535000C24FD3137F9003000228C243D3131F42CE
:105360002E12B0124047824F2E125E42D2134F4E81
:10537000CF4AD4134F4E5F53C24FD2137F900300D6
:105380000228C243D213D253B612143CB012E845DD
:10539000F2F0FDFF4C115F43B012CC4BC293681189
:1053A0000524E242EF11B0124A4C043C4B93022414
:1053B000D243EF113A413B4130410B120A120B4DDF
:1053C0004A4C7C901D00442CCD4E06008E10CD4ED4
:1053D0000500CD4F0B00CB4C0900829360113A20A1
:1053E000B012B249F24005005C11C2435A11824B1F
:1053F0006211A2436011C2435611C24358117A5040
:105400000C00C24A5E11B012C449B012B249F29007
:105410000A00B4120320B012C449163CB012C449A9
:10542000B012B249C2931C120620D2431C12C243CE
:105430001D125B43013C4B43B012C4494B930424FF
:10544000B0127C514F43083C824360115F43043CDF
:105450006F43023C7F4005003A413B413041C2432B
:105460001F111D422A120D9304245F4240141FF3A2
:105470000224D2431F11C2931F1111205F4D05005A
:105480008F105E4D06005C4D09000EDF5F4D0B0076
:10549000B012BA534F9303245F43B012C24A304153
:1054A0005F424F148F105E425014C2431F117C4064
:1054B0001C003D404A140EDF5F425514B012BA532F
:1054C0004F930424D2431F1182432A1230410B12FE
:1054D0005B4244117B901C00022C4B4B023C3B4036
:1054E0001C003D401C000E433F405614B0121A7A77
:1054F0005F4248115D4244110E430E3C4C4F5C4CE0
:10550000D8124D9306245F537F90FAFF01204F433A
:105510007D53CE4C56141E530E9BF023C24F4811A0
:10552000C24D4411F2435014F2434F14F240640050
:10553000551482932A120D20B2404A142A12F240C6
:105540001C005314C2931F110824B012A0544F938F
:1055500004247F400900B012C24A3B4130414F93BE
:105560000F204E930920C29344110324B012CE544D
:105570003041C243421130417F400900B012C24A5B
:105580003041B012B2494E4FC29314110820F2902C
:1055900003004A110420B012C4495F4330414F4E0A
:1055A000B012C4494F433041B01282554F93112479
:1055B000829346141020B240E11146149243B8126F
:1055C000C24374119243F611D242E1117F004F435E
:1055D00030415F4330417F40050030414E4F7E50A7
:1055E00083FF6E930A2CD2D34C117FE02000C24F70
:1055F000B512F2407D00E111023CC24FE111B01240
:10560000A8553041B012B249F2F0FEFF4C11F24001
:105610007E00E111B012C449B012A85530410B12FE
:105620000A120912D2B34C110924F2F0FEFF4C11F8
:10563000D242B512E111B012A855873C5F42B412B4
:105640007F537F927D2C4F4F0F5F104F0A845F4234
:105650000D12B012DC554B4FF2400300B4125E4203
:105660000D120A3C5F423614B012DC554B4FF2402B
:105670000300B4125E4236141F428614B012404733
:10568000824F86145B3C5F4230120F5F3F501A120C
:105690005F4F0100B012DC554B4F594230124A495E
:1056A0000D4A0D5D3D501A125E4D01001F428614D9
:1056B000B0124047824F86145D4207125D53C24DBF
:1056C000071259931B205E425C114F4E1F5262110C
:1056D0006F4F5E53C24E5C11C29E5E11032CE243BB
:1056E0001C124F430E4A0E5E3E501A12EE930000FB
:1056F00005247D930324CE4F0100203CE242B412E6
:105700001D3C5F428614B012DC554B4FF240050041
:10571000B412143C1F4286148F10B012DC554B4F4C
:10572000F2400600B4120A3CB01204564B4FF2404D
:105730000700B412033CF242B412053C4B9305241B
:10574000F2400900B412B0127C5139413A413B4158
:1057500030410B124B4FB012B249C24BBD12B012C6
:10576000C4493B4130410B120A12091208120712B8
:10577000B012B249474F1A4200121B420212B01235
:1057800040460D4F1F4280015FF305241A530B63FF
:10579000B01240460D4F12C30D1012C30D1012C3AC
:1057A0000D1012C30D1012C30D10084D09430E4AFF
:1057B0000F4B4FEA0FEA8F104E4E8E100E5E0F6F9A
:1057C0000E5E0F6F0E5E0F6F08DE09DF4F47B012DF
:1057D000C4490E480F493741384139413A413B41AC
:1057E00030410B120A1209120812B0126657084E05
:1057F000094F1E4276111F4278110A4E0B4F1A5262
:10580000E6111B62E811099F09280220089E06285C
:105810000B9F102809200A9E0D28063C0B9F042888
:105820000F9B27280A9E252C099B04280B992128C9
:10583000089A1F2C0C4A0D4B0C880D790D930320F0
:105840003C90010418280E480F493E5000040F6395
:10585000824E7611824F78110E4C0F4D3E5000FC57
:105860003F63824EE611824FE8113C4000040D4335
:105870000A3C0C430D43824A7611824B78118243D5
:10588000E6118243E8110A4C0A5A0A5A0A5A0A5A7D
:105890000A5AB0124046085808580858085808587C
:1058A0000E4F0E880E9A042C0A8E3A900300062C96
:1058B000B01240462F53824F9601033C0A5F824A42
:1058C0009601B2F0FEFF8601B2D010008601384189
:1058D00039413A413B413041B012B249F2F0BFFF89
:1058E0001D00B012C4493041B012B249F2D040009C
:1058F0001D00B012C44930410B120A1209121B429A
:10590000F8115A4B2A004A9302207A401F00B01225
:10591000B24AC29AE31107244E4A3ED0E0807F404B
:105920001500B0126E50C24AE311694BB012B24971
:105930004A4FB012484A4F9304244F4AB012C44908
:10594000203C4F4AB012C449B2403E0016127F407C
:105950003E00B012CE454F497F534F4FC243141201
:10596000824B04128243B212824F3C148243381499
:105970000F930324B0126A4C043C7F401000B01215
:10598000C24A39413A413B4130410B120A123F9021
:105990007C1145204E934320C2436A115F428A1115
:1059A0008F105E428B110FDE0F1230121A84B0126C
:1059B000847A21521A426C111B426E111A530B63E6
:1059C000824A6C11824B6E11B012B2494A4A1AB324
:1059D00005245E4231007EF0EFFF043C5E42310060
:1059E0007ED01000C24E31002AB305245E42310041
:1059F0007EF0DFFF043C5E4231007ED02000C24ECC
:105A000031002AF25E42310003247EF0BFFF023CE7
:105A10007ED04000C24E3100B012C449073C4E4E09
:105A20000E1230123684B012847A21523A413B4130
:105A300030410B12B012B2495B42D512B012C449C8
:105A40000F4B0F5F0F5F0F5B3F502E010E4F3ED08D
:105A500000407F401800B0126E503B4130410B12A5
:105A6000B012B2494B4FC293E41104241E43C293B7
:105A7000481401200E434E4E8E100E5E0E5E0E5EDA
:105A8000C293F51104241D43C293CA1201200D4391
:105A90003ED0E2220D5D0D5D0D5D0D5D0EDD7F40A2
:105AA0001100B0126E504F4BB012C4493B4130410F
:105AB0000B124B4FB012B2494E4B3E50BC12CE931C
:105AC00000000420DE4300004B43013C5B43B01266
:105AD000C4494F4B3B4130410B120A124B4FB0129D
:105AE000B2494A4F4F43B012B05A4F932F20C24B86
:105AF0000B11C29308113C20F29003003A11382098
:105B00007F400F00B012C24A2C3CD2433A11C2432C
:105B1000F411B012984B253CC293F41122241E4379
:105B2000F2933F140420C293091101240E430E93F3
:105B30001820F2930A110320C2430A11043C5E426A
:105B40000911CE433F14C24309110B3C1E434D4B78
:105B50007DF00F004D9303240E5E7D53FB3FC2DEAC
:105B60003C114F4AB012C4494F433A413B41304186
:105B7000C2933A11D123C93F0B12B012B2494B4F15
:105B80005F43B0121C49F2F0DAFF70005F43B012BD
:105B90001C49F2F03F0004003E401B00FEF0EFFF06
:105BA0000000FEF0DFFF00003D402C116F4D7FD064
:105BB0000500C24F7000D24D010071001D422A1134
:105BC000C24D74008D104D4DC24D7500C24373001F
:105BD000EED30000EED20000FED20000F2D0400072
:105BE00004004F43B0121C49F2F03F000200F2F0F3
:105BF0003F0000004F4BB012C4493B4130410B12F3
:105C00000A124B4FB012B2494A4F4F43B012B05A2A
:105C10004F9306244F4AB012C4497F4005001E3CF2
:105C2000C29308111E20F29003003A111A200B3C77
:105C3000E2433A11C243F411B012984BC2930811D7
:105C40000620B012785BC24B0B114B43033CC2439E
:105C50003A110A3C4F4AB012C4494F4B3A413B41BA
:105C60003041C2933A11E427B012B249C243BC1288
:105C7000B012C4495B43EE3FA243DE11D243EE11A2
:105C8000E2920B1105246F42B012FE5B4F9303208A
:105C9000B0121A4D30416F42B012D85A30410B1237
:105CA000B012B2494B4F8293DE111824C243EE1159
:105CB0005E42E5114E930324F2B220000520D2B3D8
:105CC000200008204E9303247E53C24EE511B012EB
:105CD000785C073C9243DE11C243E5116F42B0127B
:105CE0006E4D4F4BB012C4493B413041B012F246A9
:105CF000B012604DB012B24A7F42B012624A7F4287
:105D0000B012624AB012604D6F42B0126E4DB012C6
:105D10009E5C30410B120A12091208120712174238
:105D2000B212C29314120224304016601F4216129F
:105D30003FB0400002203040AE5F7FF0BFFF7F9059
:105D40003F000224304016601B4272116E4BC24E5F
:105D5000E0111F42DE113F90050039243F900600FC
:105D600084242F93022430409E5FB2400500DE1150
:105D70005D42C2114D9E27242628F2B22000082041
:105D8000D2B3200005204F4E7FE34F5DC24FC211BA
:105D90007E902A00182C4E930E240F4B1F537E9298
:105DA00003287E400700033CB2400600DE11B0121B
:105DB000844C30401660C243EE11B012604D6F4209
:105DC000B0126E4DE93CB012EC5C30401660B2404F
:105DD0000600DE11C293F5114124C293CA123E207F
:105DE0005F4B02008F105E4B01000FDE3FF0200082
:105DF00035245A4B07008A105F4B06000ADFB012A9
:105E0000B24919421212B012C4490A9908245F4BD0
:105E100007008F105E4B06000FDE3F931F205F4B85
:105E200002008F105E4B01000FDE3FF007001F9352
:105E30001520B012604DB012B24A7F400A00B01275
:105E4000624AB012604DB012B24A5E42E0117E501A
:105E5000F9FF0F4B3F52B012B04CDD3C5E42E011F7
:105E60007E50F9FF0F4B3F52A23FB012604DC293DC
:105E7000E51103206F42B0126E4DC293E511032469
:105E8000F2B220000B20D2B3200008245A4234146E
:105E90004A930424F2900B00E0110E2C1F42721161
:105EA000CF432D00CF433100CF433000CF432F00ED
:105EB000FF4080FF2E00373C59423A145A93192074
:105EC0000F490F5F0F5F3F50DE13284F1C4F02003A
:105ED0001D427211CD4831000E4C0F488F108E10AC
:105EE0004FEE0FEECD4F3000CD4C2F008C10CD4C2F
:105EF0002E00195379F00700C2493A147A53C24A66
:105F0000341411241F427211CF432D00CF433100AE
:105F1000CF433000CF432F00FF4080FF2E00C2430D
:105F20003A14C24334145F42E0110F5BCF93000078
:105F30003334079331245F4B02008F105FDB010085
:105F40007FF007001D4272116F931F201F42F8114E
:105F50000F932224B290070036111E20DF9D03000C
:105F600003001A20B2F0EFFF82016E4DDF432C00D8
:105F70000E5DDF4EFFFF28006E4E7EF07F00CF4E9D
:105F800029004F43B012464D073C5F9305207F40E8
:105F90001200B012C24A3F3CB0129E5C3C3CC2436D
:105FA000EE11B012604D6F42B0126E4D343C7F90D6
:105FB0003E003120B012604DB29236111120B01265
:105FC000B24A7F400900B012624AB012604DB0126E
:105FD0002A4E924336117F400300B0122A4D1B3CDB
:105FE000C29384140520A2423611B012D64F133C3E
:105FF000B0122A4EB24003003611B01276453E4030
:106000003601B012F8780E4F3E500B00824EC01190
:106010000F43B012644F3741384139413A413B4157
:1060200030410B120A120912081207120612051249
:106030007F9202283040CE634F4F0F5F104F548441
:106040001F4282018F105FF304241F4292013040EF
:10605000CE63B2F0EFFF820182930812492082934F
:106060000A1246201F4236113F50FDFF3F900600A6
:106070002F2C0F5F104F6484F2B010002000082412
:10608000A24236113E4007000F43B012644F203C3D
:10609000B012A84F1D3C7F400300B012FE5B4F932F
:1060A00005247F400300B012D85A123CB012D64FDC
:1060B0000F3C4F430B3C7F400900B012624A5F43E4
:1060C000B0125246B0122A4E7F400700B012464D21
:1060D00092933E1102243040CE63A2433E11B0128F
:1060E000D858B012E8584F43B012D85A3040CE6357
:1060F000B012804E3040CE631F4284018F105FF398
:1061000002203040CE6318429401B2F0FEFF8401B9
:10611000B2F0FDFF8401B012364E0C4E0C880D43D8
:10612000064E074F068C077D1F4236113F90050033
:1061300004243F900600B820983CB2400600361177
:10614000D243EB11C24334116F43B01252461C428A
:10615000F811CC4631000F460D478F108D104FEDD2
:106160000FEDCC4F30000F47CC472F008F10CC4F96
:106170002E00CC932D006424654C7550FBFF4945DF
:10618000095C6D490A430B430B4D8B100C430D43C7
:106190005D4901000CDA0DDB5A4903000B430CDAB0
:1061A0000DDB5A4902004BEA0BEA8B104A4A8A106F
:1061B0000CDA0DDB0C860D77C94C03000A4D8C10F0
:1061C0008A104CEA0CEAC94C02000F4DC94D01007F
:1061D0008F10C94F0000B012B24A6C420D494E45B3
:1061E0000F43B012B250B012604D6F490C430D43D3
:1061F0000D4F8D100A430B435B4901000CDA0DDB98
:106200005A4903000B430CDA0DDB5A4902004BEAF2
:106210000BEA8B104A4A8A100CDA0DDB0C560D671C
:10622000C94C03000F4C0C4D8F108C104FEC0FEC31
:10623000C94F02000F4DC94D01008F10C94F00001A
:106240001D42F8115F4D02008F105D4D01000FDD02
:106250003FF020000224D243C411B0122A4EB2F003
:10626000EFFF8201E2B31C00B220C243EB115F4397
:10627000B01252461D42F8115F4D02008F105D4D65
:1062800001000FDD3FF020000924B2400700361165
:106290003E4000010F43B012644F033C4F43B01225
:1062A000464DE2B31C009324C29334112720C293BD
:1062B000EB112420D243EB116F43B01252465C42E3
:1062C0001C005D4234147D920E2C4F4D5F523A14E7
:1062D0003FF007000F5F0F5F8F46DE138F47E0131D
:1062E0005D53C24D3414D243341182481812E2B3C4
:1062F0001C006D204E4C6EF35A4301204A43D2934A
:10630000EB116520C243EB115F43B0125246C2430A
:1063100034114A935C200F481F8218123F900A00E4
:10632000562C5F4234144F9303247F53C24F3414CE
:106330001F42F8110F934B24CF432D00CF43310060
:10634000CF433000CF432F00FF4080FF2E003F3C63
:106350001F4286018F105FF303241F429601373CD2
:10636000B2F0EFFF86018293E61108208293E811D4
:1063700005207F401300B012C24A293CB012E257F8
:10638000263C1F4288018F105FF321241F42980191
:106390001E3C1F428A018F105FF319241F429A018D
:1063A000163C1F428C018F105FF311241F429C0189
:1063B0000E3C1F428E018F105FF309241F429E0185
:1063C000063C925300128263021292532C12354102
:1063D00036413741384139413A413B4130410B1256
:1063E0000A120B4FB012B2494A4F0F4BB012AC46D3
:1063F000FF403F0000004F4AB012C449824342149C
:106400006F43B012B05A4F936E205F42D7124E4F77
:106410005E53C24ED712CB4F0300B012B2494A4F5F
:106420006F43B012924A4F930B204F4AB012C449A7
:10643000B012B249C243BE12B012C4495F43553CC8
:106440006F42B0125257824B20124F4AB012C449C9
:106450005F4B02008F105E4B01000FDE3FF020CC3F
:106460004E4F3ED041008F104F4F8F100EDFCB4E5E
:1064700001008E10CB4E0200CB432C00CB432800F2
:10648000CB432900CB433100CB433000CB432F001B
:10649000FB4080FF2E00D243C0121B422012B012DC
:1064A000B2491E4236113E9202241E930324B012BA
:1064B000C449143CA2433611D2438414824BF811D0
:1064C000C2437A11B012C4497F400300B012FE5B90
:1064D0004F9306247F400300B012D85A4F43053C27
:1064E000B012F858FB3F7F4005003A413B41304134
:1064F0000B120A1209120B4D4A4C7C901D004F2CB6
:10650000CD4F0B00CD4E06008E10CD4E0700B012C1
:10651000B2491942F211B012C449CB4904008910A2
:10652000CB490500B012B24919420611B012C44954
:10653000CB4908008910CB4909005F4B01003FD0CF
:1065400040885E4B02008E100FDECB4F01008F1093
:10655000CB4F02004F4A7F500D00CB4F0000C2933B
:1065600003110824C24303110F4BB012DE634F9393
:106570000F20193CC24A1E12C2431F12824B301117
:106580007F401500B012C24AC29303110A24033C93
:10659000F2430311083CC243FE114F43043C6F43D6
:1065A000023C7F40090039413A413B4130410B12E6
:1065B0000A12091208120712494F084E474D4C4F54
:1065C0000C5C8C43FE13C24300111D42FE130D935D
:1065D00004245F4206121FF30224D2430011C29327
:1065E000001114205B4D07008B105A4D06006C4DB6
:1065F0007C50F3FF0E4B0EDA5F4D0B00B012F064CF
:106600004F9304247F401700B012C24A49930420DC
:106610004E470F48B0128A593741384139413A4103
:106620003B4130414D4EC293001107201E42FE13E4
:106630000E9F03204F43B012AE6530410B121F4234
:106640000C1112C30F10C24F3E14B012B2494B4F7F
:10665000D2437800B0120A475E420F117EF0FAFF73
:106660005ED3C24E7800D24210117900D24211118D
:106670007A001E420C11C24E7C008E104E4EC24E4D
:106680007D00D2420E117B005E4212117EF00300AB
:106690007E9003000B20F2D040001B00F2D080FF60
:1066A0001B005E4205007ED030000F3C6E93102030
:1066B000F2F0DFFF0500F2F0BFFF1B00F2D080FF19
:1066C0001B005E4205007ED01000C24E0500123C49
:1066D0005E930E20F2F0EFFF0500F2F07F001B004A
:1066E000F2D040001B005E4205007ED02000ED3F4E
:1066F000B0122847F2F0FEFF7800F2F0CFFF03005F
:10670000F2F0CFFF01004F4BB012C449B012B249B2
:10671000F2F0CFFF0300F2D030000100B012C44904
:106720003B4130410F120E120D120C124F43B012AA
:106730004C493C413D413E413F41B1C0F000000069
:1067400000130F120E120D120C121F422E014F4F8A
:1067500012C34F10B0124C493C413D413E413F41B4
:10676000B1C0F000000000130F120E120D120C1237
:106770004F43B01222603C413D413E413F41B1C0D8
:10678000F000000000130F120E120D120C121F4227
:106790001E014F4F12C34F10B01222603C413D41C9
:1067A0003E413F41B1C0F00000000013B012B249B9
:1067B000D29342110420B012C4490F433041C29316
:1067C00044110420B012C4491F433041D243421146
:1067D000B012C449B012CE540F4330410B120A120A
:1067E00009120812071206123740341256423C12A0
:1067F00066B312241A4234121B4236121C4238125B
:106800001D423A12084E094F088A097B099D042847
:106810000D991928089C172C37403E1256424612F3
:1068200066B361241A423E121B4240121C424212BD
:106830001D4244120E8A0F7B0F9D552802200E9C8C
:1068400052281F43013C0F4356F30424F7F0FDFF89
:106850000800083C084A094B085C096D874800009D
:10686000874902005F933F20C2936A113C201F4278
:106870002E11C24F89118F10C24F88111F426C1107
:10688000C24F8B118F10C24F8A11F2400C0082113F
:10689000C2438311F240060087118293FE131A202F
:1068A000B2407C11FE13F24011007C11C293001122
:1068B0002524C24300116C423D407C113E400C0037
:1068C0007F400600B012F0644F931824D2430011A9
:1068D0008243FE1330120C0030127084B012847A9E
:1068E0002152B012AC677F401400B012C24A364148
:1068F0003741384139413A413B413041D2436A1135
:10690000F23F0B120A120912081207120612315036
:10691000F6FF7F90180002283040A2744F4F0F5F9F
:10692000104FE284C293401402203040A2743840D9
:106930002A124B435A435F4240144ABF0A248843F9
:1069400000004FCAC24F40147E4003004F4BB012AC
:106950005E554A5A5B5328537B92ED233040A27414
:106960005B421F114E4B0E5E8E432A12B0125E54D4
:106970005E434F4B3040706CB012B249C2437E143C
:106980005B42B41258437B92012448435A437B90A4
:10699000090001244A43489302204A930724C24332
:1069A000B4125E4230120E5ECE431A12B012C449C7
:1069B000489302204A931E24B012B249D25336148F
:1069C000F29043000D120E205E4223125E922212BC
:1069D0000C245E53C24E23127E9006000628C2434A
:1069E0002312033C58E35B43023C4B434843B01241
:1069F000C449033C4B9360204843B012B2495A4209
:106A00006811B012C4494A930824B012B249F24046
:106A10000A00B412B012C449413CB012B249594202
:106A20001A125A421C12B012C449B012B24956424C
:106A3000221257422312B012C44946972024499388
:106A40001E20B012B2494A4FE2431A12B012B249A4
:106A50005742221259422312B012C44947990524C1
:106A60005E4223125E4E2412013C4E43C24E1B1264
:106A7000F24043000D12C24330124F4A0B3C4F4AC2
:106A80007F536F930B2CB012B249F24045000D12A8
:106A9000D2433012B012C4495A43013C4A434B938B
:106AA0000C24B012B249C2485A11B012C4497F40F6
:106AB0000600B012C24A013C4A43B012B2494B4FE1
:106AC000F2900A00B4120420B0124A4C3040586FC1
:106AD000B012C4494A9302203040A274B012B249A5
:106AE00082438614C2430712D243B412B012C4497F
:106AF000B01204564F9302203040A274B012B24933
:106B0000F2400900B412B012C449B0127C513040B6
:106B1000A274B012B249C2934A112A20E2434A1128
:106B2000C243D412B012C449B012B2494B4FD293EF
:106B3000141111205E424A115E9304207F42B0126C
:106B4000C24A093C6E930720D242D4121411F2407B
:106B500003004A11013C4F4BB012C449C2931411B7
:106B60000320B0123C66063CB012B249C2434A113F
:106B7000B012C449B012B249C243B412C243EF11B9
:106B8000B012C4493040A2747F400500C13CB0122D
:106B900082554F9302203040A2748293EC1102245C
:106BA0003040A2748293461402243040A274B01282
:106BB000B2494B4FF29003004A1102243040586F03
:106BC000C293141102243040586F5D4216117D9318
:106BD0001A244E4D5F4E0C12C24F16117F930220A5
:106BE000F2431511FE430C12C24DD412F24314119C
:106BF000D2434A117F42B012C24AD2437800F2F027
:106C0000CFFF01000D3CD2431411C2434A11D243BD
:106C10007800F2F0CFFF0100B0122847B0120A4707
:106C2000B01228473040586F82436011B012B24909
:106C30005B425A11B012C449C293581102247B40DE
:106C400003001F426211C293561102243040A27405
:106C5000C2931F1102243040A274829F2A12022480
:106C60003040A27482432A12B0125E544E4B4F43FE
:106C7000B0125E553040A274B012B2491A4250119F
:106C80005B42C311B012C449B012B2494E4B0E5E02
:106C90008E4A1A115E4266114B9303247EF0FBFF6D
:106CA000023C7EF0FDFFC24E6611C2435411683FA4
:106CB000B012B249D242D4121411F24003004A1168
:106CC000B012C449C293141102243040A274B0120D
:106CD0003C663040A274F2435014F2434F14F24029
:106CE0006400551482932A121120B2404A142A12C9
:106CF000F2401C005314C2931F1102203040A274B2
:106D0000B012A0544F9302203040A2747F4009007B
:106D1000B012C24A3040A274B012B2494B4F5F4326
:106D2000B012524692433611C2433411C243C411C9
:106D3000C243E3114F4BB012C449B012B249814F64
:106D40000800B012F2469243DE11C243EE11F2F097
:106D5000FEFF2500F2F0FEFF2300D2D32400D2D3A1
:106D600025001F410800B012C449B012B2494B4F70
:106D7000A2923E1105207F400300B012624A4F4BA1
:106D8000B012C449B012B2494B4FB012604D4F43DC
:106D9000B0126E4D4F4BB012C4496F43B0125257F0
:106DA000B0126657824E3E12824F4012B240FA0035
:106DB0004212824344125F4246127FF0FEFF6FD3BD
:106DC000C24F46127F401400A33F4F43B0125257A8
:106DD0003040A274B012B2495A424011B012C449B4
:106DE0007F400300B012924A4F933D24B012B24943
:106DF0004B4F82433611B2F0EFFF8201B2F0EFFF4A
:106E00008401F2F0FDFF1F007F400300B0126E4DC1
:106E1000B012604D4F4BB012C449B012B249824318
:106E2000DE11814F0800B012F246B012604DF2F050
:106E3000FEFF2500F2F0FEFF23001F410800B01204
:106E4000C44982433E11B012D858B012B249F2F090
:106E5000DFFF1D00B012C449B012E8587F400B009C
:106E6000B012C24A033C6F43B01252571B42201269
:106E7000B012B249C243BE12B012C4498293421446
:106E800002243040A274F24303114E4A0F4B3040AB
:106E90004A74B012B2494B4FC2938214022430405C
:106EA000806BD2438214A2923E1104205F43B01241
:106EB000D85A523C7F400E00B012C24A4D3CB0122C
:106EC000B249C24382143040806BB012B2495B4277
:106ED0000B11B012C4497B90050002283040A27407
:106EE0004F4B0F5F104F1285B012B24AB012B24929
:106EF0004B4FA2933E1102243040806BB2400300FE
:106F00003E113E4018007F401D00B0126E50F2F05E
:106F1000EFFF2500F2F0EFFF2300F2F0EFFF240077
:106F2000F2D0100025005F43B012624A3E407F025B
:106F30007F401C00B0126E50B012325AB0125E5A2E
:106F40003E40562A7F401700B0126E503E40FF80F0
:106F50007F401500B0126E504F4B3040806BB01226
:106F6000B24A7F400600B012624AB012325AB012E2
:106F70005E5AB0122A51B012604DB012B24A7F4030
:106F80000300B012624AB012604D5F43B0126E4D02
:106F90007F400E003040106DB012B24AB012B249BC
:106FA0004B4FB012484A4F9304244F4BB012C44980
:106FB0000D3C4F4BB012C4497F405300B012CE4538
:106FC0004F43B012CE454F43B012CE45B012604D84
:106FD0006F43B0126E4D3040A274B012B2495B42A2
:106FE0003611B012C4496B9208247B920A246B9329
:106FF0001E20B012F8583040A274B012D64F304064
:10700000A274B012B24A7F400900B012624AB012B4
:10701000604DB0122A4EB012B24992433611B012EE
:10702000C4497F400300B0122A4D3040A274B01210
:107030002A4E3040A274B0121A4D3040A274B012E1
:10704000B249814F0800B012145D30401A74B0127A
:10705000B249D242F4110811F24003003A11B012C1
:10706000C449C29308110220B012785BC293081180
:1070700002243040A2747F400F003040106D1A424D
:107080007211694A4E490E5A6F4E4F5F0F430F6F90
:10709000CA4F2B00664E76F07F00CA462900DA4EB2
:1070A000FFFF2800584A02005B4A0100B012B249B3
:1070B0005742E411B012C449479346244E488E10FB
:1070C0004F4B0EDF8E104E4E12C30E1012C30E1019
:1070D0003EF003002E931E20584A070088105F4A96
:1070E000060008DFB012B2491B421212B012C449A6
:1070F000089B0B245F4A07008F105E4A06000FDED4
:107100001E433F9303240E43013C1E430E931C2059
:107110003040EC723E90030002243040EC72914209
:10712000CC1200009142CE1202009142D012040013
:107130009142D21206003D420E410F4A3F500600D6
:10714000B01200790F93D22079900D00CF281A4207
:1071500072115E4A02008E105F4A01000EDF0F4E70
:107160008F104F4F12C30F1012C30F103FF00300C8
:107170000C4A3C5006008E104E4E7D40060012C355
:107180000E107D53FC233E90030002242E43013C4D
:107190003E423F90030002242F43013C3F420C5FDC
:1071A0000B430F430D4C0D5F6D4D0B5D1F530F9E39
:1071B000F93B574A0300F2434414B012B2495C420F
:1071C00044143E40B0110D432B9E0920CE9702007F
:1071D0000520C24C4414B012C449863C4C4D1D538A
:1071E0002E522D92F123C24C4414B012C44958427D
:1071F0004414B012B24978930324C2983211042087
:10720000584232115D43013C4D434E480E5E0E5EC6
:107210008E4BB011CE47B2114D9307245E4232110E
:107220005E537EF00300C24E3211B012C449B01258
:10723000B249484F0F4AB012AC466B4F4F48B0129C
:10724000C449CA932B0050247B903F004D20584ADC
:10725000070088105F4A060008DFB012B2491B42DF
:107260000611B012C449089B0B245F4A07008F1017
:107270005E4A06000FDE1E433F9303240E43013C8B
:107280001E430E933124FA9006000B002D207990B6
:1072900011002A205F4A07008F105E4A06000FDEA9
:1072A0005B4A09005C4A08005D4A0E005E4A0F0016
:1072B0001F922E110A200F4D8F100FDE0F12301269
:1072C0008E84B012847A21520F3C0F124F4B8F10D4
:1072D0004C4C0FDC0F120F4D8F100FDE0F123012BF
:1072E000AB84B012847A3152824A7211B012B24920
:1072F000C243EE11B012C449B0129E5C3040A27479
:10730000C293E21128201A42DA131B42DC13B01296
:10731000B2491842E6111942E81118527611196261
:107320007811B012C449824ADA13824BDC13C2438B
:10733000E211B012B2498248761182497811824A2C
:10734000E611824BE811814F0800B012E2571F414D
:107350000800B012C449B0126657483CB0126657D4
:10736000084E094FB2F0EFFF8601E2B33C1215243C
:107370000A4E0B4F1A8234121B7236121E423812FA
:107380001F423A120E8A0F7B0A4E0B4F3E930A2081
:107390003B90FF7F07204D43063C4D433A433B4023
:1073A000FF7F013C5D43E2B3461216240E480F49AD
:1073B0001E823E121F72401216424212174244129F
:1073C000068E077F0E460F470F9B03380520069A4F
:1073D000032C0A4E0B4F023C4D9363240B9304384D
:1073E0001B9307341A93052C0E480F49B012DC6723
:1073F000583C824ADA13824BDC13D243E211B012BA
:10740000B2498248761182497811824AE611824B4C
:10741000E811814F0800B012E2571F4108003040C8
:10742000806B5F42FE115F9203113B24C24F031138
:107430004F930E201F423011B012DE634F93312460
:10744000F24303114E4F1F423011B0122466293C03
:10745000F2430311263CC293061223243840FE1344
:107460004B435A435E4206124ABE0C242F488843BF
:1074700000004ECAC24E06124B9304207E40030009
:10748000B0128A594A5A5B5328537B92EB23093C2A
:107490005F4200114E4F0E5E5D431E4EFE13B01252
:1074A000AE6531500A0036413741384139413A41E1
:1074B0003B413041F29335140824B0122E497F939A
:1074C0000624B01202695F4330414F4330414F43BD
:1074D00030410F120E120D120C125E427E005F42FE
:1074E0004A114F9331242D3CC29314112D201D427B
:1074F000EC110D930E241F42B0120D5FCD4E000013
:107500001F53824FB0121F9232121E288243EC1179
:107510001B3C7E907E0003204E435F430F3C7E90D9
:107520007D000320E2D34C110F3CE2B34C11052443
:10753000F2F0FDFF4C117EE020004F43B012A2514B
:10754000033C7F900300D0273C413D413E413F41F9
:10755000B1C0F000000000130F120E120D120C1239
:107560005F424A114F931E241A3CC29314111A20F1
:10757000C29374110F201F42F6111F92B8120A2CE9
:107580001E4246140E5F6E4E1F53824FF611C24EBE
:107590007F00083C82434614B0121E56033C7F9085
:1075A0000300E3273C413D413E413F41B1C0F00073
:1075B000000000130B120B4FC29342110820F290EF
:1075C0007D0044110428D2434211B012CE54B012AF
:1075D000B2494E4F5C4244117C90FAFF152C5F4239
:1075E00046114D4FCD4BD8125F53C24F46117F907D
:1075F000FAFF0220C24346115C53C24C44114F4E65
:10760000B012C4490F43033CB012C4493F433B414D
:1076100030410F120E120D120C1221835E42230014
:107620005F4225004FFE4F4F814F000091B3000095
:107630000E24F2F0FEFF23009293DE110520A243F8
:10764000DE11B012785C563CD253E511533CA1B325
:10765000000005245F4223007FF0FDFF493CA1B2FA
:10766000000005245F4223007FF0FBFF413CB1B2E4
:10767000000005245F4223007FF0F7FF393CB1B0E2
:10768000100000001B24F2F0EFFF2300A2423E1185
:10769000F2F0EFFF2500F2F0EFFF23000E437F40F2
:1076A0001D00B0126E50B0122A51B012604DB012CF
:1076B000B24A7F400A00B012C24A1C3CB1B020005E
:1076C000000005245F4223007FF0DFFF113CB1B0D2
:1076D0004000000005245F4223007FF0BFFF083C0C
:1076E000B1B08000000006245F4223007FF07F00DD
:1076F000C24F230021533C413D413E413F41B1C077
:10770000F000000000130F120E1221835E422B00C6
:107710005F422D004FFE4F4F814F000091B300009C
:1077200005245F422B007FF0FEFF3B3CA1B300002D
:1077300005245F422B007FF0FDFF333CA1B2000027
:1077400005245F422B007FF0FBFF2B3CB1B2000011
:1077500005245F422B007FF0F7FF233CB1B01000FF
:10776000000005245F422B007FF0EFFF1A3CB1B010
:107770002000000005245F422B007FF0DFFF113C5A
:10778000B1B04000000005245F422B007FF0BFFF36
:10779000083CB1B08000000006245F422B007FF05F
:1077A0007F00C24F2B0021533E413F41B1C0F0004A
:1077B000000000130F120E120D120C125E42760022
:1077C0005F423A114F931C24183CC29308111820B1
:1077D0001F42B2120F9304241F523814CF4EFFFFE2
:1077E00092923C143814032CB012CC49093CF2F0AC
:1077F000BFFF0000B012145D033C7F900300E5273B
:107800003C413D413E413F41B1C0F000000000130A
:107810000F125F4270003FF0200006245F427000AC
:107820002FF202245F4270003F41B1C0F00000001F
:1078300000130B120A12091208120712061205127F
:107840000412084C094D0A430B430C4E0D4F0E43D6
:107850000F43B0129E7834413541364137413841AB
:1078600039413A413B4130410B120A1209120812C8
:1078700007120612051204121841120019411400D1
:107880001A4116001B411800B0129E783441354150
:1078900036413741384139413A413B413041044357
:1078A0000543064307430E3C12C30B100A10091090
:1078B00008100428045C056D066E076F0C5C0D6DE6
:1078C0000E6E0F6F0893F0230993EE230A93EC23B7
:1078D0000B93EA230C440D450E460F4730417C4084
:1078E00010000D4E0E430F5F0E6E0E9D02280E8D82
:1078F0001FD31C83F8233041B012DE780F4E304185
:107900000B120D930A247B4F7C4E4B9C04244F4B4F
:107910004E4C0F8E033C3D53F43F0F433B413041EF
:107920000B120A120912081207120D9370240F9EEF
:107930006E24342C0C4E0CDF1CF31B240C4E0CEF6D
:107940001CF307202D9307280B4E1BF32C430C8BA5
:10795000033C0C4D013C1C430D8C0A4C094E0B4F53
:10796000FB4900001B533A53FB230A4F0A5C0E5C91
:10797000013C0A4F0B4D12C30B100B24094B084E50
:107980000C4ABC4800002C533953FB230B5B0E5BA5
:107990000A5B1DF33C24EA4E0000393C0E5D0C4F9F
:1079A0000C5D0B4C0BDE1BF31B240B4C0BEE1BF383
:1079B00006203D90030003280B4E1BF3013C0B4DAA
:1079C0000D8B094E0A4C084B088C3A533953EA493F
:1079D0000000074A0758F9233BE31B530C5B0E5B7F
:1079E0000B4D12C30B100E240A4B084E094C288372
:1079F0002983A94800003A53FA230A8B0B4A0B5BF0
:107A00000E5B0C5B1DF30324DC4EFFFFFFFF3741D1
:107A1000384139413A413B4130410B120A120912B7
:107A200008123D900600092C0C4F043CCC4E00007F
:107A30001C533D530D93FA23203C4E4E4B4E0B935B
:107A400003240C4B8C100BDC1FB306243D53CF4E8C
:107A50000000094F1953013C094F0C4D12C30C1083
:107A60000A49084C8A4B00002A533853FB230C5C0C
:107A70000C591DF30224CC4E0000384139413A41E3
:107A80003B4130410D412D533E4D3F40B475B01246
:107A90003A7C30410D4E0E4F3F40B475B0123A7CE7
:107AA00030410B120A1209120812071206120512AF
:107AB00004123182084F814E0400094D1F411A0003
:107AC0001D411C004C4D044D841045444E4F7EB06A
:107AD00040001124F140300000000E4F8E105EF384
:107AE00003247E405800023C7E407800C14E0100D5
:107AF0000C412C530F3C7EF020000424F140300058
:107B00000000043C4C930524C14D00000C411C5363
:107B1000013C0C410A4C8C108C118C108C110B4CBC
:107B200006410C418C108C118C108C11074C0A866C
:107B30000B770E4F8E10C14E02006EF202240745E5
:107B4000013C37434F4F7FB010003C201D410400E3
:107B50003D531D53CD930000FC231D810400099A61
:107B60000228098A013C0943E1B302000524099572
:107B700002280985013C0943054D079D012C054755
:107B80004F930D38F1402000060006430B430E3C96
:107B90000F410F566F4F8F1116538812013C064349
:107BA000069AF63B0B4AF14030000600058B053C77
:107BB0005F4106008F1188121B530F450F5B0F9911
:107BC000F72B0A3C06430B43073C1B530F410F5650
:107BD0006F4F8F1116538812069AF73BE1B30200DC
:107BE00002244A44083C1A4104000A8B0D3C3F40E1
:107BF000300088127A534A93FA2344440B54F33FDB
:107C000037538F1188121B530F4A0F5B6F4F4F93DF
:107C100007240793F523043C3F40200088121B53A0
:107C20000B99FA2B0F4B31523441354136413741D4
:107C3000384139413A413B4130410B120A12091295
:107C4000081207120612051204123150B6FF814FB6
:107C50003A00064E054D814E3E00C1432F00C14300
:107C60002B00C1432E00C1432A00814330008143D1
:107C70002600074381432C000E413E501C00814EDC
:107C80001C003040B4820F461F53814F40000793C1
:107C90001E207E90250013208143000081430200B6
:107CA00081463E00C1432F00C1432B00C1432E003B
:107CB000C1432A00814330003040AA8205478E111B
:107CC0000F4E91123C0091532C00304090827E90D8
:107CD0006300C5247E90640027347E903000942495
:107CE0007E9031001A347E902A0077247E902B00FB
:107CF0000A347E90230042247E902500E0277E9067
:107D000020003220563C7E902D0049247E902E008B
:107D10005B247E902B002820473C7E903A008C38D4
:107D20007E9058002120E93C7E906F0024247E90B4
:107D300070000A347E906900E3247E906C00222457
:107D40007E9064001120DC3C7E90730098247E902D
:107D5000740004347E9070000720B83C7E9075005B
:107D6000D1247E907800D22419413E0018412C0085
:107D7000088930407E82B1422800CB3CF1D200001D
:107D80003040AE82694159F36E4104247EF0FEFF1B
:107D90006ED3013C5ED3C14E00003040AE82F1D0C4
:107DA000100000003040AE82F1402B000200304055
:107DB000AE82F1902B00020002203040AE82F140F2
:107DC000200002003040AE82C1932A0002243040DD
:107DD0009482D1432E003040AE820E452E532A4568
:107DE0000A930338814A26000D3CC1932E000224D9
:107DF0003040A482F1D0100000003AE3814A26000E
:107E000091532600054E273C819326001520C193EF
:107E10002E001220694179F010005E4301244E4388
:107E20004E4E0E110E434E106A417AF07F004ADE2C
:107E3000C14A00003040AE821A4126000A5A0C4A5C
:107E40000C5C0C5C0A5C814A2600B150D0FF260015
:107E50008E11815E2600D1432A003040AE82074554
:107E600027536E45C1932E000320C1932A00262775
:107E7000C14E0400C14305000E412E52033C07458C
:107E800027532E45C1932E000724E1D201001F4144
:107E90002600C14F0300063CC1932A0003249141F0
:107EA000260030000E9302203E402C851112040063
:107EB000111204001D4134001F413E00B012A27A8D
:107EC0002152815F2C00054730409082074527539F
:107ED000294581491E005E43099301204E434E5EB1
:107EE0004E5E4E5E6A417AF0F7FF4ADEC14A0000FC
:107EF0000547B14010002800533CD1D30100063C97
:107F0000E1D20000B1400A002800033CB14010005B
:107F100028006B416BB324240C453C52284517457F
:107F20000200164504001B45060081481E008147DB
:107F3000200081462200814B2400D1432B0008936E
:107F4000062007930420069302200B930224C143CA
:107F50002B000B5B0B430B6BC14B2F00054C203CE4
:107F60005BF307450D24275228451B450200814835
:107F70001E00814B2000D1432B0008930920063CB2
:107F800027532B45814B1E00D1432B000B9302241A
:107F9000C1432B000B5B0B430B6BC14B2F00054701
:107FA000F1B200001224C1932B000F206841B19060
:107FB00010002800032078D04000053CB192280032
:107FC000042078D02000C1480000684168B2302405
:107FD000C1932F002D24F1402D00020068B311241D
:107FE000B1E31E00B1E32000B1E32200B1E32400BD
:107FF00091531E008163200081632200816324006D
:10800000173C58B30F241A411E001B4120003AE3CD
:108010003BE30E4A0F4B1E530F63814E1E00814FF0
:108020002000063C1A411E003AE31A53814A1E0002
:10803000C1431B0068B36A2416411E009141200011
:108040003C001841220014412400074137501A0017
:1080500009469141280032001B4128008B108B11EA
:108060008B108B11814B3400814B3600814B3800D3
:1080700011123A0011123A0011123A0011123A008C
:108080000C491D4144000E480F44B0129C833152EC
:108090000B4C3C900A0005347B503000C74B00006D
:1080A0000C3C4B4CD1B3010003247A403700023C16
:1080B0007A4057004A5BC74A000006473653111200
:1080C0003A0011123A0011123A0011123A000C490A
:1080D0001D4144000E480F44B01276833152094CC2
:1080E000814D3C00084E044F37530C93B2230D933F
:1080F000B0230E93AE230F93AC2381431E00814324
:10810000200081432200814324006C3C58B33E246C
:1081100014411E0017412000084138501A0019412F
:10812000280089108911891089111C4128000D49E6
:108130000E440F47B0120E830B4E3E900A000534DA
:108140007B503000C84B00000C3C4B4ED1B30100BB
:1081500003247A403700023C7A4057004A5BC84A01
:108160000000064836531C4128000D490E440F47B5
:10817000B012D882044E074F38530E93D0230F937A
:10818000CE2381431E00814320002C3C17411E005A
:10819000084138501A001E4128000F47B012F878E5
:1081A0000D4F3F900A0005347D503000C84D00004F
:1081B0000C3C4D4FD1B3010003247C403700023CFE
:1081C0007C4057004C5DC84C0000064836531E41A9
:1081D00028000F47B012DE78074F38530F93DB2388
:1081E00081431E00B1900A0028000224C14302000E
:1081F000C1932E002A240F413F501C00814F4200A2
:108200001A411C008A108A118A108A11814A44007E
:10821000814646000A468A108A118A108A11814ACC
:1082200048001C4142001D4144001C8146001D7154
:1082300048002C831C9126000E2CE1D301005E41E6
:1082400026004E8CC14E0300063CC1932A00032435
:1082500091412600300011120400111204001D414A
:1082600034000E461E531F413E00B012A27A215226
:10827000815F2C000D3C7F498F1191123C000E490B
:108280000E5819914000F72B81493E00814E2C0079
:1082900007430E3C914126003000D1432E00C143DC
:1082A0002A00033C054ED1432A0081432600174390
:1082B000164140006E464E9302243040867C1F419A
:1082C0002C0031504A003441354136413741384164
:1082D00039413A413B4130410B120A1209127940AF
:1082E00020000A4C0B4D0C430D430E5E0F6F0C6CBF
:1082F0000D6D0D9B062802200C9A03280C8A0D7B1D
:108300001ED31983F22339413A413B413041B01227
:10831000D8820E4C0F4D304107120612051204127E
:108320003012400004480549064A074B08430943F8
:108330000A430B430C5C0D6D0E6E0F6F08680969E4
:108340000A6A0B6B0B970E2808200A960B2805204B
:1083500009950828022008940528088409750A76DA
:108360000B771CD391830000E52321533441354121
:108370003641374130410B120A12091208121841D6
:108380000A0019410C001A410E001B411000B012E6
:108390001883384139413A413B4130410B120A12AE
:1083A0000912081218410A0019410C001A410E0066
:1083B0001B411000B01218830C480D490E4A0F4B98
:1083C000384139413A413B4130410B120A120912FE
:1083D0000812071218410C0019410E001A41100032
:1083E0001B411200B0121883174114008748000087
:1083F00087490200874A0400874B0600374138410D
:0A84000039413A413B41304100137D
:10840A004E566456865602571457285736574657BB
:10841A004D6573736167652025752073656E7420D9
:10842A00636F72726563746C79210A004572726FA8
:10843A007220696E2073656E64696E67207061636D
:10844A006B65743A2025642E0A004060F860506318
:10845A0082639263A263B263C26378609660B66015
:10846A00D060B2609660436F756E746572207661F3
:10847A006C756520746F202575206E6F7420736586
:10848A006E7421005265636569766564206D657353
:10849A007361676520256420666F72206D65210A05
:1084AA000054686973207061636B657420256420C9
:1084BA006973206E6F7420666F72206D652C20625E
:1084CA00757420697427732066726F6D2025752074
:1084DA00746F202575210A00246960697869126B16
:1084EA00886B8E6B286C786CB06CD66C186DCA6D04
:1084FA00D46D926EBE6ECA6E3E704E707E70007300
:10850A005C73227456749074E86E5E6F986FDA6FBB
:10851A0036700000100050009000D000F000009C5F
:0A852A000208286E756C6C29000031
:1085340001FFFFFF2200010001FFFFFF09001010EF
:108544002008030001FFFF00481248127C12FF01BB
:1085540001001200841020080300020012A201008E
:10FFE000724506775875D274127642672467724557
:10FFF0001078B4777245724586676867724500402D
:0400000300004000B9
:00000001FF
